  camera.cpp
  exercise3.cpp
  gl_utils.cpp
  lineshapes.cpp
  main.cpp
  maths_funcs.cpp
  mesh.cpp
F:\Máster\Fundamentos Matemáticos\Practicas\common\include\assimp\quaternion.inl(207,15): warning C4244: '=': conversión de 'double' a 'TReal'; posible pérdida de datos
          with
          [
              TReal=float
          ]
F:\Máster\Fundamentos Matemáticos\Practicas\common\include\assimp\quaternion.inl(186,1): message : al compilar la función del miembro clase plantilla "void aiQuaterniont<float>::Interpolate(aiQuaterniont<float> &,const aiQuaterniont<float> &,const aiQuaterniont<float> &,TReal)"
          with
          [
              TReal=float
          ]
F:\Máster\Fundamentos Matemáticos\Practicas\common\include\assimp\anim.h(435,28): message : Vea la referencia a la creación de una instancia de la función plantilla "void aiQuaterniont<float>::Interpolate(aiQuaterniont<float> &,const aiQuaterniont<float> &,const aiQuaterniont<float> &,TReal)" que se está compilando
          with
          [
              TReal=float
          ]
F:\Máster\Fundamentos Matemáticos\Practicas\common\include\assimp\anim.h(107,24): message : Vea la referencia a la creación de una instancia de clase plantilla "aiQuaterniont<float>" que se está compilando
F:\Máster\Fundamentos Matemáticos\Practicas\common\include\assimp\quaternion.inl(208,14): warning C4244: '=': conversión de 'double' a 'TReal'; posible pérdida de datos
          with
          [
              TReal=float
          ]
F:\Máster\Fundamentos Matemáticos\Practicas\common\include\assimp\quaternion.inl(209,61): warning C4244: '=': conversión de 'double' a 'TReal'; posible pérdida de datos
          with
          [
              TReal=float
          ]
F:\Máster\Fundamentos Matemáticos\Practicas\common\include\assimp\quaternion.inl(210,33): warning C4244: '=': conversión de 'double' a 'TReal'; posible pérdida de datos
          with
          [
              TReal=float
          ]
F:\Máster\Fundamentos Matemáticos\Practicas\common\include\assimp\vector3.inl(93,13): warning C4244: 'return': conversión de 'double' a 'TReal'; posible pérdida de datos
          with
          [
              TReal=float
          ]
F:\Máster\Fundamentos Matemáticos\Practicas\common\include\assimp\vector3.inl(92,57): message : al compilar la función del miembro clase plantilla "TReal aiVector3t<TReal>::Length(void) const"
          with
          [
              TReal=float
          ]
F:\Máster\Fundamentos Matemáticos\Practicas\common\include\assimp\vector3.inl(98,8): message : Vea la referencia a la creación de una instancia de la función plantilla "TReal aiVector3t<TReal>::Length(void) const" que se está compilando
          with
          [
              TReal=float
          ]
F:\Máster\Fundamentos Matemáticos\Practicas\common\include\assimp\vector3.inl(142,91): message : al compilar la función del miembro clase plantilla "bool aiVector3t<float>::operator ==(const aiVector3t<float> &) const"
F:\Máster\Fundamentos Matemáticos\Practicas\common\include\assimp\anim.h(82,3): message : Vea la referencia a la creación de una instancia de la función plantilla "bool aiVector3t<float>::operator ==(const aiVector3t<float> &) const" que se está compilando
F:\Máster\Fundamentos Matemáticos\Practicas\common\include\assimp\types.h(150,22): message : Vea la referencia a la creación de una instancia de clase plantilla "aiVector3t<float>" que se está compilando
  node.cpp
  Generando código...
  Exercise3.vcxproj -> F:\Máster\Fundamentos Matemáticos\Practicas\exercise3handout\Debug\Exercise3.exe
