  exercise1.cpp
D:\MÁSTER\FundamentosMatematicos\Practica1\exercise1handout\Exercise1.h(33,66): warning C4244: 'argumento': conversión de 'double' a 'float'; posible pérdida de datos
D:\MÁSTER\FundamentosMatematicos\Practica1\exercise1handout\Exercise1.h(34,56): warning C4244: 'argumento': conversión de 'double' a 'float'; posible pérdida de datos
D:\MÁSTER\FundamentosMatematicos\Practica1\exercise1handout\Exercise1.h(36,66): warning C4244: 'argumento': conversión de 'double' a 'float'; posible pérdida de datos
D:\MÁSTER\FundamentosMatematicos\Practica1\exercise1handout\Exercise1.h(37,56): warning C4244: 'argumento': conversión de 'double' a 'float'; posible pérdida de datos
D:\MÁSTER\FundamentosMatematicos\Practica1\exercise1handout\Exercise1.h(39,66): warning C4244: 'argumento': conversión de 'double' a 'float'; posible pérdida de datos
D:\MÁSTER\FundamentosMatematicos\Practica1\exercise1handout\Exercise1.h(40,56): warning C4244: 'argumento': conversión de 'double' a 'float'; posible pérdida de datos
D:\MÁSTER\FundamentosMatematicos\Practica1\exercise1handout\Exercise1.h(42,66): warning C4244: 'argumento': conversión de 'double' a 'float'; posible pérdida de datos
D:\MÁSTER\FundamentosMatematicos\Practica1\exercise1handout\Exercise1.h(43,56): warning C4244: 'argumento': conversión de 'double' a 'float'; posible pérdida de datos
  main.cpp
D:\MÁSTER\FundamentosMatematicos\Practica1\exercise1handout\exercise1.h(33,66): warning C4244: 'argumento': conversión de 'double' a 'float'; posible pérdida de datos
D:\MÁSTER\FundamentosMatematicos\Practica1\exercise1handout\exercise1.h(34,56): warning C4244: 'argumento': conversión de 'double' a 'float'; posible pérdida de datos
D:\MÁSTER\FundamentosMatematicos\Practica1\exercise1handout\exercise1.h(36,66): warning C4244: 'argumento': conversión de 'double' a 'float'; posible pérdida de datos
D:\MÁSTER\FundamentosMatematicos\Practica1\exercise1handout\exercise1.h(37,56): warning C4244: 'argumento': conversión de 'double' a 'float'; posible pérdida de datos
D:\MÁSTER\FundamentosMatematicos\Practica1\exercise1handout\exercise1.h(39,66): warning C4244: 'argumento': conversión de 'double' a 'float'; posible pérdida de datos
D:\MÁSTER\FundamentosMatematicos\Practica1\exercise1handout\exercise1.h(40,56): warning C4244: 'argumento': conversión de 'double' a 'float'; posible pérdida de datos
D:\MÁSTER\FundamentosMatematicos\Practica1\exercise1handout\exercise1.h(42,66): warning C4244: 'argumento': conversión de 'double' a 'float'; posible pérdida de datos
D:\MÁSTER\FundamentosMatematicos\Practica1\exercise1handout\exercise1.h(43,56): warning C4244: 'argumento': conversión de 'double' a 'float'; posible pérdida de datos
  Generando código...
  Exercise1.vcxproj -> D:\MÁSTER\FundamentosMatematicos\Practica1\exercise1handout\Debug\Exercise1.exe
