  camera.cpp
  exercise1.cpp
F:\Máster\Fundamentos Matemáticos\Practicas\exercise1handout\Exercise1.h(33,66): warning C4244: 'argumento': conversión de 'double' a 'float'; posible pérdida de datos
F:\Máster\Fundamentos Matemáticos\Practicas\exercise1handout\Exercise1.h(34,56): warning C4244: 'argumento': conversión de 'double' a 'float'; posible pérdida de datos
F:\Máster\Fundamentos Matemáticos\Practicas\exercise1handout\Exercise1.h(36,66): warning C4244: 'argumento': conversión de 'double' a 'float'; posible pérdida de datos
F:\Máster\Fundamentos Matemáticos\Practicas\exercise1handout\Exercise1.h(37,56): warning C4244: 'argumento': conversión de 'double' a 'float'; posible pérdida de datos
F:\Máster\Fundamentos Matemáticos\Practicas\exercise1handout\Exercise1.h(39,66): warning C4244: 'argumento': conversión de 'double' a 'float'; posible pérdida de datos
F:\Máster\Fundamentos Matemáticos\Practicas\exercise1handout\Exercise1.h(40,56): warning C4244: 'argumento': conversión de 'double' a 'float'; posible pérdida de datos
F:\Máster\Fundamentos Matemáticos\Practicas\exercise1handout\Exercise1.h(42,66): warning C4244: 'argumento': conversión de 'double' a 'float'; posible pérdida de datos
F:\Máster\Fundamentos Matemáticos\Practicas\exercise1handout\Exercise1.h(43,56): warning C4244: 'argumento': conversión de 'double' a 'float'; posible pérdida de datos
  gl_utils.cpp
F:\Máster\Fundamentos Matemáticos\Practicas\exercise1handout\gl_utils.cpp(153,25): warning C4267: '+=': conversión de 'size_t' a 'int'; posible pérdida de datos
  lineshapes.cpp
F:\Máster\Fundamentos Matemáticos\Practicas\exercise1handout\lineshapes.cpp(23,57): warning C4267: '=': conversión de 'size_t' a '_Ty'; posible pérdida de datos
          with
          [
              _Ty=unsigned int
          ]
F:\Máster\Fundamentos Matemáticos\Practicas\exercise1handout\lineshapes.cpp(48,37): warning C4267: 'argumento': conversión de 'size_t' a 'GLuint'; posible pérdida de datos
F:\Máster\Fundamentos Matemáticos\Practicas\exercise1handout\lineshapes.cpp(49,65): warning C4267: 'argumento': conversión de 'size_t' a 'GLuint'; posible pérdida de datos
F:\Máster\Fundamentos Matemáticos\Practicas\exercise1handout\lineshapes.cpp(57,37): warning C4267: 'argumento': conversión de 'size_t' a 'GLuint'; posible pérdida de datos
F:\Máster\Fundamentos Matemáticos\Practicas\exercise1handout\lineshapes.cpp(58,65): warning C4267: 'argumento': conversión de 'size_t' a 'GLuint'; posible pérdida de datos
F:\Máster\Fundamentos Matemáticos\Practicas\exercise1handout\lineshapes.cpp(85,58): warning C4267: 'argumento': conversión de 'size_t' a 'GLsizei'; posible pérdida de datos
  main.cpp
F:\Máster\Fundamentos Matemáticos\Practicas\exercise1handout\exercise1.h(33,66): warning C4244: 'argumento': conversión de 'double' a 'float'; posible pérdida de datos
F:\Máster\Fundamentos Matemáticos\Practicas\exercise1handout\exercise1.h(34,56): warning C4244: 'argumento': conversión de 'double' a 'float'; posible pérdida de datos
F:\Máster\Fundamentos Matemáticos\Practicas\exercise1handout\exercise1.h(36,66): warning C4244: 'argumento': conversión de 'double' a 'float'; posible pérdida de datos
F:\Máster\Fundamentos Matemáticos\Practicas\exercise1handout\exercise1.h(37,56): warning C4244: 'argumento': conversión de 'double' a 'float'; posible pérdida de datos
F:\Máster\Fundamentos Matemáticos\Practicas\exercise1handout\exercise1.h(39,66): warning C4244: 'argumento': conversión de 'double' a 'float'; posible pérdida de datos
F:\Máster\Fundamentos Matemáticos\Practicas\exercise1handout\exercise1.h(40,56): warning C4244: 'argumento': conversión de 'double' a 'float'; posible pérdida de datos
F:\Máster\Fundamentos Matemáticos\Practicas\exercise1handout\exercise1.h(42,66): warning C4244: 'argumento': conversión de 'double' a 'float'; posible pérdida de datos
F:\Máster\Fundamentos Matemáticos\Practicas\exercise1handout\exercise1.h(43,56): warning C4244: 'argumento': conversión de 'double' a 'float'; posible pérdida de datos
  maths_funcs.cpp
  Generando código...
camera.obj : error LNK2019: símbolo externo __imp___glewGetUniformLocation sin resolver al que se hace referencia en la función "public: void __cdecl Camera::get_shader_locations(unsigned int)" (?get_shader_locations@Camera@@QEAAXI@Z)
lineshapes.obj : error LNK2001: símbolo externo __imp___glewGetUniformLocation sin resolver
camera.obj : error LNK2019: símbolo externo __imp___glewUniformMatrix4fv sin resolver al que se hace referencia en la función "public: void __cdecl Camera::set_shader_data(unsigned int,struct mat4)" (?set_shader_data@Camera@@QEAAXIUmat4@@@Z)
lineshapes.obj : error LNK2001: símbolo externo __imp___glewUniformMatrix4fv sin resolver
gl_utils.obj : error LNK2019: símbolo externo __imp_glewInit sin resolver al que se hace referencia en la función "bool __cdecl startGlContext(struct GLFWwindow * *,int,int)" (?startGlContext@@YA_NPEAPEAUGLFWwindow@@HH@Z)
gl_utils.obj : error LNK2019: símbolo externo glfwInit sin resolver al que se hace referencia en la función "bool __cdecl startGlContext(struct GLFWwindow * *,int,int)" (?startGlContext@@YA_NPEAPEAUGLFWwindow@@HH@Z)
gl_utils.obj : error LNK2019: símbolo externo glfwTerminate sin resolver al que se hace referencia en la función "bool __cdecl startGlContext(struct GLFWwindow * *,int,int)" (?startGlContext@@YA_NPEAPEAUGLFWwindow@@HH@Z)
main.obj : error LNK2001: símbolo externo glfwTerminate sin resolver
gl_utils.obj : error LNK2019: símbolo externo glfwGetVersionString sin resolver al que se hace referencia en la función "bool __cdecl startGlContext(struct GLFWwindow * *,int,int)" (?startGlContext@@YA_NPEAPEAUGLFWwindow@@HH@Z)
gl_utils.obj : error LNK2019: símbolo externo glfwSetErrorCallback sin resolver al que se hace referencia en la función "bool __cdecl startGlContext(struct GLFWwindow * *,int,int)" (?startGlContext@@YA_NPEAPEAUGLFWwindow@@HH@Z)
gl_utils.obj : error LNK2019: símbolo externo glfwWindowHint sin resolver al que se hace referencia en la función "bool __cdecl startGlContext(struct GLFWwindow * *,int,int)" (?startGlContext@@YA_NPEAPEAUGLFWwindow@@HH@Z)
gl_utils.obj : error LNK2019: símbolo externo glfwCreateWindow sin resolver al que se hace referencia en la función "bool __cdecl startGlContext(struct GLFWwindow * *,int,int)" (?startGlContext@@YA_NPEAPEAUGLFWwindow@@HH@Z)
gl_utils.obj : error LNK2019: símbolo externo glfwSetWindowTitle sin resolver al que se hace referencia en la función "void __cdecl _update_fps_counter(struct GLFWwindow *)" (?_update_fps_counter@@YAXPEAUGLFWwindow@@@Z)
gl_utils.obj : error LNK2019: símbolo externo glfwSetFramebufferSizeCallback sin resolver al que se hace referencia en la función "bool __cdecl startGlContext(struct GLFWwindow * *,int,int)" (?startGlContext@@YA_NPEAPEAUGLFWwindow@@HH@Z)
gl_utils.obj : error LNK2019: símbolo externo glfwGetTime sin resolver al que se hace referencia en la función "void __cdecl _update_fps_counter(struct GLFWwindow *)" (?_update_fps_counter@@YAXPEAUGLFWwindow@@@Z)
main.obj : error LNK2001: símbolo externo glfwGetTime sin resolver
gl_utils.obj : error LNK2019: símbolo externo glfwMakeContextCurrent sin resolver al que se hace referencia en la función "bool __cdecl startGlContext(struct GLFWwindow * *,int,int)" (?startGlContext@@YA_NPEAPEAUGLFWwindow@@HH@Z)
gl_utils.obj : error LNK2019: símbolo externo __imp___glewAttachShader sin resolver al que se hace referencia en la función "bool __cdecl create_programme(unsigned int,unsigned int,unsigned int *)" (?create_programme@@YA_NIIPEAI@Z)
gl_utils.obj : error LNK2019: símbolo externo __imp___glewCompileShader sin resolver al que se hace referencia en la función "bool __cdecl create_shader(char const *,unsigned int *,unsigned int)" (?create_shader@@YA_NPEBDPEAII@Z)
gl_utils.obj : error LNK2019: símbolo externo __imp___glewCreateProgram sin resolver al que se hace referencia en la función "bool __cdecl create_programme(unsigned int,unsigned int,unsigned int *)" (?create_programme@@YA_NIIPEAI@Z)
gl_utils.obj : error LNK2019: símbolo externo __imp___glewCreateShader sin resolver al que se hace referencia en la función "bool __cdecl create_shader(char const *,unsigned int *,unsigned int)" (?create_shader@@YA_NPEBDPEAII@Z)
gl_utils.obj : error LNK2019: símbolo externo __imp___glewDeleteShader sin resolver al que se hace referencia en la función "bool __cdecl create_programme(unsigned int,unsigned int,unsigned int *)" (?create_programme@@YA_NIIPEAI@Z)
gl_utils.obj : error LNK2019: símbolo externo __imp___glewGetProgramInfoLog sin resolver al que se hace referencia en la función "void __cdecl print_programme_info_log(unsigned int)" (?print_programme_info_log@@YAXI@Z)
gl_utils.obj : error LNK2019: símbolo externo __imp___glewGetProgramiv sin resolver al que se hace referencia en la función "bool __cdecl create_programme(unsigned int,unsigned int,unsigned int *)" (?create_programme@@YA_NIIPEAI@Z)
gl_utils.obj : error LNK2019: símbolo externo __imp___glewGetShaderInfoLog sin resolver al que se hace referencia en la función "void __cdecl print_shader_info_log(unsigned int)" (?print_shader_info_log@@YAXI@Z)
gl_utils.obj : error LNK2019: símbolo externo __imp___glewGetShaderiv sin resolver al que se hace referencia en la función "bool __cdecl create_shader(char const *,unsigned int *,unsigned int)" (?create_shader@@YA_NPEBDPEAII@Z)
gl_utils.obj : error LNK2019: símbolo externo __imp___glewLinkProgram sin resolver al que se hace referencia en la función "bool __cdecl create_programme(unsigned int,unsigned int,unsigned int *)" (?create_programme@@YA_NIIPEAI@Z)
gl_utils.obj : error LNK2019: símbolo externo __imp___glewShaderSource sin resolver al que se hace referencia en la función "bool __cdecl create_shader(char const *,unsigned int *,unsigned int)" (?create_shader@@YA_NPEBDPEAII@Z)
gl_utils.obj : error LNK2019: símbolo externo __imp___glewValidateProgram sin resolver al que se hace referencia en la función "bool __cdecl is_programme_valid(unsigned int)" (?is_programme_valid@@YA_NI@Z)
gl_utils.obj : error LNK2019: símbolo externo __imp___glewGenerateMipmap sin resolver al que se hace referencia en la función "void __cdecl load_texture_to_gpu(unsigned char *,unsigned int *,int,int,int)" (?load_texture_to_gpu@@YAXPEAEPEAIHHH@Z)
gl_utils.obj : error LNK2019: símbolo externo __imp_glewExperimental sin resolver al que se hace referencia en la función "bool __cdecl startGlContext(struct GLFWwindow * *,int,int)" (?startGlContext@@YA_NPEAPEAUGLFWwindow@@HH@Z)
lineshapes.obj : error LNK2019: símbolo externo __imp___glewBindBuffer sin resolver al que se hace referencia en la función "public: void __cdecl Lines::load_to_gpu(void)" (?load_to_gpu@Lines@@QEAAXXZ)
lineshapes.obj : error LNK2019: símbolo externo __imp___glewBufferData sin resolver al que se hace referencia en la función "public: void __cdecl Lines::load_to_gpu(void)" (?load_to_gpu@Lines@@QEAAXXZ)
lineshapes.obj : error LNK2019: símbolo externo __imp___glewGenBuffers sin resolver al que se hace referencia en la función "public: void __cdecl Lines::load_to_gpu(void)" (?load_to_gpu@Lines@@QEAAXXZ)
lineshapes.obj : error LNK2019: símbolo externo __imp___glewEnableVertexAttribArray sin resolver al que se hace referencia en la función "public: void __cdecl Lines::load_to_gpu(void)" (?load_to_gpu@Lines@@QEAAXXZ)
lineshapes.obj : error LNK2019: símbolo externo __imp___glewVertexAttribPointer sin resolver al que se hace referencia en la función "public: void __cdecl Lines::load_to_gpu(void)" (?load_to_gpu@Lines@@QEAAXXZ)
lineshapes.obj : error LNK2019: símbolo externo __imp___glewBindVertexArray sin resolver al que se hace referencia en la función "public: void __cdecl Lines::load_to_gpu(void)" (?load_to_gpu@Lines@@QEAAXXZ)
lineshapes.obj : error LNK2019: símbolo externo __imp___glewGenVertexArrays sin resolver al que se hace referencia en la función "public: void __cdecl Lines::load_to_gpu(void)" (?load_to_gpu@Lines@@QEAAXXZ)
main.obj : error LNK2019: símbolo externo glfwWindowShouldClose sin resolver al que se hace referencia en la función "public: bool __cdecl Exercise1::isLoopGo(void)" (?isLoopGo@Exercise1@@QEAA_NXZ)
main.obj : error LNK2019: símbolo externo glfwSetWindowShouldClose sin resolver al que se hace referencia en la función "public: void __cdecl Exercise1::update(void)" (?update@Exercise1@@QEAAXXZ)
main.obj : error LNK2019: símbolo externo glfwPollEvents sin resolver al que se hace referencia en la función "public: void __cdecl Exercise1::update(void)" (?update@Exercise1@@QEAAXXZ)
main.obj : error LNK2019: símbolo externo glfwGetKey sin resolver al que se hace referencia en la función "public: void __cdecl Exercise1::update(void)" (?update@Exercise1@@QEAAXXZ)
main.obj : error LNK2019: símbolo externo glfwSwapBuffers sin resolver al que se hace referencia en la función "public: void __cdecl Exercise1::update(void)" (?update@Exercise1@@QEAAXXZ)
main.obj : error LNK2019: símbolo externo __imp___glewUseProgram sin resolver al que se hace referencia en la función "public: void __cdecl Exercise1::update(void)" (?update@Exercise1@@QEAAXXZ)
..\common\lib\assimp-vc141-mt.lib : warning LNK4272: el tipo de máquina de biblioteca 'x86' está en conflicto con el tipo de máquina de destino 'x64'
..\common\lib\glfw3.lib : warning LNK4272: el tipo de máquina de biblioteca 'x86' está en conflicto con el tipo de máquina de destino 'x64'
..\common\lib\glew32.lib : warning LNK4272: el tipo de máquina de biblioteca 'x86' está en conflicto con el tipo de máquina de destino 'x64'
F:\Máster\Fundamentos Matemáticos\Practicas\exercise1handout\x64\Debug\Exercise1.exe : fatal error LNK1120: 40 externos sin resolver
